<?xml version="1.0" encoding="UTF-8"?>
<testsuite name="ZookeeperTest" tests="1" skipped="0" failures="1" errors="0" timestamp="2022-12-28T13:53:01" hostname="Daniels-MacBook-Air.local" time="0.067">
  <properties/>
  <testcase name="start" classname="ZookeeperTest" time="0.067">
    <failure message="java.lang.AssertionError: Wrong answer in test #1&#10;&#10;You should print 'See you later!' at the end of the program&#10;&#10;Please find below the output of your program during this failed test.&#10;Note that the '&gt;' character indicates the beginning of the input line.&#10;&#10;---&#10;&#10;Please enter the number of the habitat you would like to view:&#10;&gt; 1&#10;Switching on the camera in the lion habitat...&#10;                                               ,w.&#10;                                             ,YWMMw  ,M  ,&#10;                        _.---.._   __..---._.'MMMMMw,wMWmW,&#10;                   _.-&quot;&quot;        '''           YP&quot;WMMMMMMMMMb,&#10;                .-' __.'                   .'     MMMMW^WMMMM;&#10;    _,        .'.-'&quot;; `,       /`     .--&quot;&quot;      :MMM[==MWMW^;&#10; ,mM^&quot;     ,-'.'   /   ;      ;      /   ,       MMMMb_wMW&quot;  @\&#10;,MM:.    .'.-'   .'     ;     `\    ;     `,     MMMMMMMW `&quot;=./`-,&#10;WMMm__,-'.'     /      _.\      F'''-+,,   ;_,_.dMMMMMMMM[,_ / `=_}&#10;&quot;^MP__.-'    ,-' _.--&quot;&quot;   `-,   ;       \  ; ;MMMMMMMMMMW^``; __|&#10;           /   .'            ; ;         )  )`{  \ `&quot;^W^`,   \  :&#10;          /  .'             /  (       .'  /     Ww._     `.  `&quot;&#10;         /  Y,              `,  `-,=,_{   ;      MMMP`&quot;&quot;-,  `-._.-,&#10;        (--, )                `,_ / `) \/&quot;&quot;)      ^&quot;      `-, -;&quot;\:&#10;The lion is roaring!&#10;---&#10;You've reached the end of the program. To check another habitat, please restart the watcher." type="java.lang.AssertionError">java.lang.AssertionError: Wrong answer in test #1

You should print 'See you later!' at the end of the program

Please find below the output of your program during this failed test.
Note that the '&gt;' character indicates the beginning of the input line.

---

Please enter the number of the habitat you would like to view:
&gt; 1
Switching on the camera in the lion habitat...
                                               ,w.
                                             ,YWMMw  ,M  ,
                        _.---.._   __..---._.'MMMMMw,wMWmW,
                   _.-&quot;&quot;        '''           YP&quot;WMMMMMMMMMb,
                .-' __.'                   .'     MMMMW^WMMMM;
    _,        .'.-'&quot;; `,       /`     .--&quot;&quot;      :MMM[==MWMW^;
 ,mM^&quot;     ,-'.'   /   ;      ;      /   ,       MMMMb_wMW&quot;  @\
,MM:.    .'.-'   .'     ;     `\    ;     `,     MMMMMMMW `&quot;=./`-,
WMMm__,-'.'     /      _.\      F'''-+,,   ;_,_.dMMMMMMMM[,_ / `=_}
&quot;^MP__.-'    ,-' _.--&quot;&quot;   `-,   ;       \  ; ;MMMMMMMMMMW^``; __|
           /   .'            ; ;         )  )`{  \ `&quot;^W^`,   \  :
          /  .'             /  (       .'  /     Ww._     `.  `&quot;
         /  Y,              `,  `-,=,_{   ;      MMMP`&quot;&quot;-,  `-._.-,
        (--, )                `,_ / `) \/&quot;&quot;)      ^&quot;      `-, -;&quot;\:
The lion is roaring!
---
You've reached the end of the program. To check another habitat, please restart the watcher.
	at org.junit.Assert.fail(Assert.java:89)
	at org.hyperskill.hstest.stage.StageTest.start(StageTest.java:203)
	at java.base/jdk.internal.reflect.NativeMethodAccessorImpl.invoke0(Native Method)
	at java.base/jdk.internal.reflect.NativeMethodAccessorImpl.invoke(NativeMethodAccessorImpl.java:77)
	at java.base/jdk.internal.reflect.DelegatingMethodAccessorImpl.invoke(DelegatingMethodAccessorImpl.java:43)
	at java.base/java.lang.reflect.Method.invoke(Method.java:568)
	at org.junit.runners.model.FrameworkMethod$1.runReflectiveCall(FrameworkMethod.java:59)
	at org.junit.internal.runners.model.ReflectiveCallable.run(ReflectiveCallable.java:12)
	at org.junit.runners.model.FrameworkMethod.invokeExplosively(FrameworkMethod.java:56)
	at org.junit.internal.runners.statements.InvokeMethod.evaluate(InvokeMethod.java:17)
	at org.junit.runners.ParentRunner$3.evaluate(ParentRunner.java:306)
	at org.junit.runners.BlockJUnit4ClassRunner$1.evaluate(BlockJUnit4ClassRunner.java:100)
	at org.junit.runners.ParentRunner.runLeaf(ParentRunner.java:366)
	at org.junit.runners.BlockJUnit4ClassRunner.runChild(BlockJUnit4ClassRunner.java:103)
	at org.junit.runners.BlockJUnit4ClassRunner.runChild(BlockJUnit4ClassRunner.java:63)
	at org.junit.runners.ParentRunner$4.run(ParentRunner.java:331)
	at org.junit.runners.ParentRunner$1.schedule(ParentRunner.java:79)
	at org.junit.runners.ParentRunner.runChildren(ParentRunner.java:329)
	at org.junit.runners.ParentRunner.access$100(ParentRunner.java:66)
	at org.junit.runners.ParentRunner$2.evaluate(ParentRunner.java:293)
	at org.junit.runners.ParentRunner$3.evaluate(ParentRunner.java:306)
	at org.junit.runners.ParentRunner.run(ParentRunner.java:413)
	at org.gradle.api.internal.tasks.testing.junit.JUnitTestClassExecutor.runTestClass(JUnitTestClassExecutor.java:110)
	at org.gradle.api.internal.tasks.testing.junit.JUnitTestClassExecutor.execute(JUnitTestClassExecutor.java:58)
	at org.gradle.api.internal.tasks.testing.junit.JUnitTestClassExecutor.execute(JUnitTestClassExecutor.java:38)
	at org.gradle.api.internal.tasks.testing.junit.AbstractJUnitTestClassProcessor.processTestClass(AbstractJUnitTestClassProcessor.java:62)
	at org.gradle.api.internal.tasks.testing.SuiteTestClassProcessor.processTestClass(SuiteTestClassProcessor.java:51)
	at java.base/jdk.internal.reflect.NativeMethodAccessorImpl.invoke0(Native Method)
	at java.base/jdk.internal.reflect.NativeMethodAccessorImpl.invoke(NativeMethodAccessorImpl.java:77)
	at java.base/jdk.internal.reflect.DelegatingMethodAccessorImpl.invoke(DelegatingMethodAccessorImpl.java:43)
	at java.base/java.lang.reflect.Method.invoke(Method.java:568)
	at org.gradle.internal.dispatch.ReflectionDispatch.dispatch(ReflectionDispatch.java:36)
	at org.gradle.internal.dispatch.ReflectionDispatch.dispatch(ReflectionDispatch.java:24)
	at org.gradle.internal.dispatch.ContextClassLoaderDispatch.dispatch(ContextClassLoaderDispatch.java:33)
	at org.gradle.internal.dispatch.ProxyDispatchAdapter$DispatchingInvocationHandler.invoke(ProxyDispatchAdapter.java:94)
	at jdk.proxy1/jdk.proxy1.$Proxy2.processTestClass(Unknown Source)
	at org.gradle.api.internal.tasks.testing.worker.TestWorker$2.run(TestWorker.java:176)
	at org.gradle.api.internal.tasks.testing.worker.TestWorker.executeAndMaintainThreadName(TestWorker.java:129)
	at org.gradle.api.internal.tasks.testing.worker.TestWorker.execute(TestWorker.java:100)
	at org.gradle.api.internal.tasks.testing.worker.TestWorker.execute(TestWorker.java:60)
	at org.gradle.process.internal.worker.child.ActionExecutionWorker.execute(ActionExecutionWorker.java:56)
	at org.gradle.process.internal.worker.child.SystemApplicationClassLoaderWorker.call(SystemApplicationClassLoaderWorker.java:133)
	at org.gradle.process.internal.worker.child.SystemApplicationClassLoaderWorker.call(SystemApplicationClassLoaderWorker.java:71)
	at worker.org.gradle.process.internal.worker.GradleWorkerMain.run(GradleWorkerMain.java:69)
	at worker.org.gradle.process.internal.worker.GradleWorkerMain.main(GradleWorkerMain.java:74)
</failure>
  </testcase>
  <system-out><![CDATA[?[1;31m
Start test 1?[0m
Please enter the number of the habitat you would like to view:
> 1
Switching on the camera in the lion habitat...
                                               ,w.
                                             ,YWMMw  ,M  ,
                        _.---.._   __..---._.'MMMMMw,wMWmW,
                   _.-""        '''           YP"WMMMMMMMMMb,
                .-' __.'                   .'     MMMMW^WMMMM;
    _,        .'.-'"; `,       /`     .--""      :MMM[==MWMW^;
 ,mM^"     ,-'.'   /   ;      ;      /   ,       MMMMb_wMW"  @\
,MM:.    .'.-'   .'     ;     `\    ;     `,     MMMMMMMW `"=./`-,
WMMm__,-'.'     /      _.\      F'''-+,,   ;_,_.dMMMMMMMM[,_ / `=_}
"^MP__.-'    ,-' _.--""   `-,   ;       \  ; ;MMMMMMMMMMW^``; __|
           /   .'            ; ;         )  )`{  \ `"^W^`,   \  :
          /  .'             /  (       .'  /     Ww._     `.  `"
         /  Y,              `,  `-,=,_{   ;      MMMP`""-,  `-._.-,
        (--, )                `,_ / `) \/"")      ^"      `-, -;"\:
The lion is roaring!
---
You've reached the end of the program. To check another habitat, please restart the watcher.
]]></system-out>
  <system-err><![CDATA[]]></system-err>
</testsuite>
